<?xml version="1.0" encoding="UTF-8"?>
<!-- Generated by org.testng.reporters.JUnitXMLReporter -->
<testsuite ignored="0" hostname="LAPTOP-73S0TF9M" failures="0" tests="4" name="Negative Login Test" time="42.44" errors="0" timestamp="2024-07-21T00:32:55 IST">
  <testcase classname="Tests.LoginTest" name="testInvalidLogins" time="5.669"/>
  <testcase classname="Tests.LoginTest" name="testInvalidLogins" time="5.848"/>
  <testcase classname="Tests.LoginTest" name="testInvalidLogins" time="5.947"/>
  <testcase classname="Tests.LoginTest" name="testInvalidLogins" time="5.143"/>
</testsuite> <!-- Negative Login Test -->
