<?xml version="1.0" encoding="UTF-8"?>
<!-- Generated by org.testng.reporters.JUnitXMLReporter -->
<testsuite ignored="0" hostname="LAPTOP-73S0TF9M" failures="0" tests="3" name="Negative Login Tests" time="18.834" errors="0" timestamp="2024-07-20T14:42:40 IST">
  <testcase classname="Tests.LoginTest" name="testInvalidLogins" time="2.656"/>
  <testcase classname="Tests.LoginTest" name="testInvalidLogins" time="2.865"/>
  <testcase classname="Tests.LoginTest" name="testInvalidLogins" time="2.735"/>
</testsuite> <!-- Negative Login Tests -->
