<?xml version="1.0" encoding="UTF-8"?>
<!-- Generated by org.testng.reporters.JUnitXMLReporter -->
<testsuite ignored="0" hostname="LAPTOP-73S0TF9M" failures="0" tests="4" name="Negative Login Test" time="42.981" errors="0" timestamp="2024-08-17T14:18:18 IST">
  <testcase classname="Tests.LoginTest" name="InvalidLogin" time="5.585"/>
  <testcase classname="Tests.LoginTest" name="InvalidLogin" time="5.756"/>
  <testcase classname="Tests.LoginTest" name="InvalidLogin" time="6.454"/>
  <testcase classname="Tests.LoginTest" name="InvalidLogin" time="5.177"/>
</testsuite> <!-- Negative Login Test -->
