<?xml version="1.0" encoding="UTF-8"?>
<!-- Generated by org.testng.reporters.JUnitXMLReporter -->
<testsuite ignored="0" hostname="LAPTOP-73S0TF9M" failures="0" tests="3" name="Negative Login Test" time="29.86" errors="0" timestamp="2024-07-20T17:40:34 IST">
  <testcase classname="Tests.LoginTest" name="testInvalidLogins" time="6.795"/>
  <testcase classname="Tests.LoginTest" name="testInvalidLogins" time="5.11"/>
  <testcase classname="Tests.LoginTest" name="testInvalidLogins" time="3.133"/>
</testsuite> <!-- Negative Login Test -->
