<?xml version="1.0" encoding="UTF-8"?>
<!-- Generated by org.testng.reporters.JUnitXMLReporter -->
<testsuite ignored="0" hostname="LAPTOP-73S0TF9M" failures="0" tests="4" name="Negative Login Test" time="43.807" errors="0" timestamp="2024-08-17T14:22:08 IST">
  <testcase classname="Tests.LoginTest" name="InvalidLogin" time="5.699"/>
  <testcase classname="Tests.LoginTest" name="InvalidLogin" time="5.829"/>
  <testcase classname="Tests.LoginTest" name="InvalidLogin" time="5.009"/>
  <testcase classname="Tests.LoginTest" name="InvalidLogin" time="5.046"/>
</testsuite> <!-- Negative Login Test -->
