<?xml version="1.0" encoding="UTF-8"?>
<testng-results ignored="0" total="3" passed="3" failed="0" skipped="0">
  <reporter-output>
  </reporter-output>
  <suite started-at="2024-07-20T17:40:04 IST" name="Suite" finished-at="2024-07-20T17:40:34 IST" duration-ms="29860">
    <groups>
    </groups>
    <test started-at="2024-07-20T17:40:04 IST" name="Negative Login Test" finished-at="2024-07-20T17:40:34 IST" duration-ms="29860">
      <class name="Tests.LoginTest">
        <test-method is-config="true" signature="lauchBrowser(java.lang.String)[pri:0, instance:Tests.LoginTest@75437611]" started-at="2024-07-20T17:40:04 IST" name="lauchBrowser" finished-at="2024-07-20T17:40:11 IST" duration-ms="7310" status="PASS">
          <params>
            <param index="0">
              <value>
                <![CDATA[chrome]]>
              </value>
            </param>
          </params>
          <reporter-output>
          </reporter-output>
        </test-method> <!-- lauchBrowser -->
        <test-method signature="testInvalidLogins(java.lang.String,java.lang.String,java.lang.String)[pri:0, instance:Tests.LoginTest@75437611]" started-at="2024-07-20T17:40:11 IST" name="testInvalidLogins" description="Negative login tests" data-provider="loginData" finished-at="2024-07-20T17:40:18 IST" duration-ms="6795" status="PASS">
          <params>
            <param index="0">
              <value>
                <![CDATA[xCUyp5]]>
              </value>
            </param>
            <param index="1">
              <value>
                <![CDATA[xBgZV]]>
              </value>
            </param>
            <param index="2">
              <value>
                <![CDATA[Georgian]]>
              </value>
            </param>
          </params>
          <reporter-output>
          </reporter-output>
        </test-method> <!-- testInvalidLogins -->
        <test-method is-config="true" signature="tear()[pri:0, instance:Tests.LoginTest@75437611]" started-at="2024-07-20T17:40:18 IST" name="tear" finished-at="2024-07-20T17:40:19 IST" duration-ms="410" status="PASS">
          <reporter-output>
          </reporter-output>
        </test-method> <!-- tear -->
        <test-method is-config="true" signature="lauchBrowser(java.lang.String)[pri:0, instance:Tests.LoginTest@75437611]" started-at="2024-07-20T17:40:19 IST" name="lauchBrowser" finished-at="2024-07-20T17:40:22 IST" duration-ms="3061" status="PASS">
          <params>
            <param index="0">
              <value>
                <![CDATA[chrome]]>
              </value>
            </param>
          </params>
          <reporter-output>
          </reporter-output>
        </test-method> <!-- lauchBrowser -->
        <test-method signature="testInvalidLogins(java.lang.String,java.lang.String,java.lang.String)[pri:0, instance:Tests.LoginTest@75437611]" started-at="2024-07-20T17:40:22 IST" name="testInvalidLogins" description="Negative login tests" data-provider="loginData" finished-at="2024-07-20T17:40:27 IST" duration-ms="5110" status="PASS">
          <params>
            <param index="0">
              <value>
                <![CDATA[xCUyp5]]>
              </value>
            </param>
            <param index="1">
              <value>
                <![CDATA[xBgZV]]>
              </value>
            </param>
            <param index="2">
              <value>
                <![CDATA[Meglish]]>
              </value>
            </param>
          </params>
          <reporter-output>
          </reporter-output>
        </test-method> <!-- testInvalidLogins -->
        <test-method is-config="true" signature="tear()[pri:0, instance:Tests.LoginTest@75437611]" started-at="2024-07-20T17:40:27 IST" name="tear" finished-at="2024-07-20T17:40:28 IST" duration-ms="258" status="PASS">
          <reporter-output>
          </reporter-output>
        </test-method> <!-- tear -->
        <test-method is-config="true" signature="lauchBrowser(java.lang.String)[pri:0, instance:Tests.LoginTest@75437611]" started-at="2024-07-20T17:40:28 IST" name="lauchBrowser" finished-at="2024-07-20T17:40:30 IST" duration-ms="2395" status="PASS">
          <params>
            <param index="0">
              <value>
                <![CDATA[chrome]]>
              </value>
            </param>
          </params>
          <reporter-output>
          </reporter-output>
        </test-method> <!-- lauchBrowser -->
        <test-method signature="testInvalidLogins(java.lang.String,java.lang.String,java.lang.String)[pri:0, instance:Tests.LoginTest@75437611]" started-at="2024-07-20T17:40:30 IST" name="testInvalidLogins" description="Negative login tests" data-provider="loginData" finished-at="2024-07-20T17:40:33 IST" duration-ms="3133" status="PASS">
          <params>
            <param index="0">
              <value>
                <![CDATA[xCUyp5]]>
              </value>
            </param>
            <param index="1">
              <value>
                <![CDATA[xBgZV]]>
              </value>
            </param>
            <param index="2">
              <value>
                <![CDATA[Svan]]>
              </value>
            </param>
          </params>
          <reporter-output>
          </reporter-output>
        </test-method> <!-- testInvalidLogins -->
        <test-method is-config="true" signature="tear()[pri:0, instance:Tests.LoginTest@75437611]" started-at="2024-07-20T17:40:34 IST" name="tear" finished-at="2024-07-20T17:40:34 IST" duration-ms="229" status="PASS">
          <reporter-output>
          </reporter-output>
        </test-method> <!-- tear -->
      </class> <!-- Tests.LoginTest -->
    </test> <!-- Negative Login Test -->
  </suite> <!-- Suite -->
</testng-results>
