<?xml version="1.0" encoding="UTF-8"?>
<testsuite xmlns:xsi="http://www.w3.org/2001/XMLSchema-instance" xsi:noNamespaceSchemaLocation="https://maven.apache.org/surefire/maven-surefire-plugin/xsd/surefire-test-report.xsd" version="3.0.2" name="TestSuite" time="31.113" tests="3" errors="0" skipped="0" failures="0">
  <properties>
[...]
</properties>
  <testcase name="testInvalidLogins[xCUyp5, xBgZV, Georgian](1)" classname="Tests.LoginTest" time="7.004">
    <system-out><![CDATA[Georgian is selected
]]></system-out>
    <system-err><![CDATA[SLF4J: Failed to load class "org.slf4j.impl.StaticLoggerBinder".
SLF4J: Defaulting to no-operation (NOP) logger implementation
SLF4J: See http://www.slf4j.org/codes.html#StaticLoggerBinder for further details.
Jul 20, 2024 5:40:08 PM org.openqa.selenium.devtools.CdpVersionFinder findNearestMatch
WARNING: Unable to find an exact match for CDP version 126, returning the closest version; found: 122; Please update to a Selenium version that supports CDP version 126
]]></system-err>
  </testcase>
  <testcase name="testInvalidLogins[xCUyp5, xBgZV, Meglish](2)" classname="Tests.LoginTest" time="5.29">
    <system-out><![CDATA[Meglish is selected
]]></system-out>
    <system-err><![CDATA[Jul 20, 2024 5:40:20 PM org.openqa.selenium.devtools.CdpVersionFinder findNearestMatch
WARNING: Unable to find an exact match for CDP version 126, returning the closest version; found: 122; Please update to a Selenium version that supports CDP version 126
]]></system-err>
  </testcase>
  <testcase name="testInvalidLogins[xCUyp5, xBgZV, Svan](3)" classname="Tests.LoginTest" time="3.602">
    <system-out><![CDATA[Svan is selected
]]></system-out>
    <system-err><![CDATA[Jul 20, 2024 5:40:29 PM org.openqa.selenium.devtools.CdpVersionFinder findNearestMatch
WARNING: Unable to find an exact match for CDP version 126, returning the closest version; found: 122; Please update to a Selenium version that supports CDP version 126
]]></system-err>
  </testcase>
</testsuite>