<?xml version="1.0" encoding="UTF-8"?>
<testng-results ignored="0" total="4" passed="4" failed="0" skipped="0">
  <reporter-output>
  </reporter-output>
  <suite started-at="2024-07-21T00:32:12 IST" name="Suite" finished-at="2024-07-21T00:32:54 IST" duration-ms="42440">
    <groups>
    </groups>
    <test started-at="2024-07-21T00:32:12 IST" name="Negative Login Test" finished-at="2024-07-21T00:32:54 IST" duration-ms="42440">
      <class name="Tests.LoginTest">
        <test-method is-config="true" signature="lauchBrowser(java.lang.String)[pri:0, instance:Tests.LoginTest@7a1a14a4]" started-at="2024-07-21T00:32:12 IST" name="lauchBrowser" finished-at="2024-07-21T00:32:17 IST" duration-ms="4694" status="PASS">
          <params>
            <param index="0">
              <value>
                <![CDATA[chrome]]>
              </value>
            </param>
          </params>
          <reporter-output>
          </reporter-output>
        </test-method> <!-- lauchBrowser -->
        <test-method signature="testInvalidLogins(java.lang.String,java.lang.String,java.lang.String)[pri:0, instance:Tests.LoginTest@7a1a14a4]" started-at="2024-07-21T00:32:17 IST" name="testInvalidLogins" data-provider="loginData" finished-at="2024-07-21T00:32:23 IST" duration-ms="5669" status="PASS">
          <params>
            <param index="0">
              <value>
                <![CDATA[XSMAiW3b7b]]>
              </value>
            </param>
            <param index="1">
              <value>
                <![CDATA[xDXMY9MPRO5C28IfcQo]]>
              </value>
            </param>
            <param index="2">
              <value>
                <![CDATA[Georgian]]>
              </value>
            </param>
          </params>
          <reporter-output>
          </reporter-output>
        </test-method> <!-- testInvalidLogins -->
        <test-method is-config="true" signature="teardown()[pri:0, instance:Tests.LoginTest@7a1a14a4]" started-at="2024-07-21T00:32:24 IST" name="teardown" finished-at="2024-07-21T00:32:24 IST" duration-ms="361" status="PASS">
          <reporter-output>
          </reporter-output>
        </test-method> <!-- teardown -->
        <test-method is-config="true" signature="lauchBrowser(java.lang.String)[pri:0, instance:Tests.LoginTest@7a1a14a4]" started-at="2024-07-21T00:32:24 IST" name="lauchBrowser" finished-at="2024-07-21T00:32:28 IST" duration-ms="3380" status="PASS">
          <params>
            <param index="0">
              <value>
                <![CDATA[chrome]]>
              </value>
            </param>
          </params>
          <reporter-output>
          </reporter-output>
        </test-method> <!-- lauchBrowser -->
        <test-method signature="testInvalidLogins(java.lang.String,java.lang.String,java.lang.String)[pri:0, instance:Tests.LoginTest@7a1a14a4]" started-at="2024-07-21T00:32:28 IST" name="testInvalidLogins" data-provider="loginData" finished-at="2024-07-21T00:32:34 IST" duration-ms="5848" status="PASS">
          <params>
            <param index="0">
              <value>
                <![CDATA[NNTo9XM3Npyy7t08NON]]>
              </value>
            </param>
            <param index="1">
              <value>
                <![CDATA[dFMEuxOIjNNzyEjdInjC]]>
              </value>
            </param>
            <param index="2">
              <value>
                <![CDATA[Meglish]]>
              </value>
            </param>
          </params>
          <reporter-output>
          </reporter-output>
        </test-method> <!-- testInvalidLogins -->
        <test-method is-config="true" signature="teardown()[pri:0, instance:Tests.LoginTest@7a1a14a4]" started-at="2024-07-21T00:32:35 IST" name="teardown" finished-at="2024-07-21T00:32:35 IST" duration-ms="306" status="PASS">
          <reporter-output>
          </reporter-output>
        </test-method> <!-- teardown -->
        <test-method is-config="true" signature="lauchBrowser(java.lang.String)[pri:0, instance:Tests.LoginTest@7a1a14a4]" started-at="2024-07-21T00:32:35 IST" name="lauchBrowser" finished-at="2024-07-21T00:32:38 IST" duration-ms="3222" status="PASS">
          <params>
            <param index="0">
              <value>
                <![CDATA[chrome]]>
              </value>
            </param>
          </params>
          <reporter-output>
          </reporter-output>
        </test-method> <!-- lauchBrowser -->
        <test-method signature="testInvalidLogins(java.lang.String,java.lang.String,java.lang.String)[pri:0, instance:Tests.LoginTest@7a1a14a4]" started-at="2024-07-21T00:32:38 IST" name="testInvalidLogins" data-provider="loginData" finished-at="2024-07-21T00:32:44 IST" duration-ms="5947" status="PASS">
          <params>
            <param index="0">
              <value>
                <![CDATA[M1DQuwJQBZxL9U9bHR]]>
              </value>
            </param>
            <param index="1">
              <value>
                <![CDATA[   ]]>
              </value>
            </param>
            <param index="2">
              <value>
                <![CDATA[Svan]]>
              </value>
            </param>
          </params>
          <reporter-output>
          </reporter-output>
        </test-method> <!-- testInvalidLogins -->
        <test-method is-config="true" signature="teardown()[pri:0, instance:Tests.LoginTest@7a1a14a4]" started-at="2024-07-21T00:32:45 IST" name="teardown" finished-at="2024-07-21T00:32:45 IST" duration-ms="341" status="PASS">
          <reporter-output>
          </reporter-output>
        </test-method> <!-- teardown -->
        <test-method is-config="true" signature="lauchBrowser(java.lang.String)[pri:0, instance:Tests.LoginTest@7a1a14a4]" started-at="2024-07-21T00:32:45 IST" name="lauchBrowser" finished-at="2024-07-21T00:32:48 IST" duration-ms="2708" status="PASS">
          <params>
            <param index="0">
              <value>
                <![CDATA[chrome]]>
              </value>
            </param>
          </params>
          <reporter-output>
          </reporter-output>
        </test-method> <!-- lauchBrowser -->
        <test-method signature="testInvalidLogins(java.lang.String,java.lang.String,java.lang.String)[pri:0, instance:Tests.LoginTest@7a1a14a4]" started-at="2024-07-21T00:32:48 IST" name="testInvalidLogins" data-provider="loginData" finished-at="2024-07-21T00:32:53 IST" duration-ms="5143" status="PASS">
          <params>
            <param index="0">
              <value>
                <![CDATA[sh0Ko]]>
              </value>
            </param>
            <param index="1">
              <value>
                <![CDATA[BH9ay]]>
              </value>
            </param>
            <param index="2">
              <value>
                <![CDATA[english]]>
              </value>
            </param>
          </params>
          <reporter-output>
          </reporter-output>
        </test-method> <!-- testInvalidLogins -->
        <test-method is-config="true" signature="teardown()[pri:0, instance:Tests.LoginTest@7a1a14a4]" started-at="2024-07-21T00:32:54 IST" name="teardown" finished-at="2024-07-21T00:32:54 IST" duration-ms="285" status="PASS">
          <reporter-output>
          </reporter-output>
        </test-method> <!-- teardown -->
      </class> <!-- Tests.LoginTest -->
    </test> <!-- Negative Login Test -->
  </suite> <!-- Suite -->
</testng-results>
