<?xml version="1.0" encoding="UTF-8"?>
<testng-results ignored="0" total="4" passed="4" failed="0" skipped="0">
  <reporter-output>
  </reporter-output>
  <suite started-at="2024-08-17T14:17:35 IST" name="Suite" finished-at="2024-08-17T14:18:18 IST" duration-ms="42981">
    <groups>
    </groups>
    <test started-at="2024-08-17T14:17:35 IST" name="Negative Login Test" finished-at="2024-08-17T14:18:18 IST" duration-ms="42981">
      <class name="Tests.LoginTest">
        <test-method is-config="true" signature="lauchBrowser(java.lang.String)[pri:0, instance:Tests.LoginTest@31ff43be]" started-at="2024-08-17T14:17:35 IST" name="lauchBrowser" finished-at="2024-08-17T14:17:41 IST" duration-ms="5404" status="PASS">
          <params>
            <param index="0">
              <value>
                <![CDATA[chrome]]>
              </value>
            </param>
          </params>
          <reporter-output>
          </reporter-output>
        </test-method> <!-- lauchBrowser -->
        <test-method signature="InvalidLogin(java.lang.String,java.lang.String,java.lang.String)[pri:0, instance:Tests.LoginTest@31ff43be]" started-at="2024-08-17T14:17:41 IST" name="InvalidLogin" data-provider="loginData" finished-at="2024-08-17T14:17:47 IST" duration-ms="5585" status="PASS">
          <params>
            <param index="0">
              <value>
                <![CDATA[2CjCRXqnKE]]>
              </value>
            </param>
            <param index="1">
              <value>
                <![CDATA[PoW7a]]>
              </value>
            </param>
            <param index="2">
              <value>
                <![CDATA[Georgian]]>
              </value>
            </param>
          </params>
          <reporter-output>
          </reporter-output>
        </test-method> <!-- InvalidLogin -->
        <test-method is-config="true" signature="teardown()[pri:0, instance:Tests.LoginTest@31ff43be]" started-at="2024-08-17T14:17:48 IST" name="teardown" finished-at="2024-08-17T14:17:48 IST" duration-ms="621" status="PASS">
          <reporter-output>
          </reporter-output>
        </test-method> <!-- teardown -->
        <test-method is-config="true" signature="lauchBrowser(java.lang.String)[pri:0, instance:Tests.LoginTest@31ff43be]" started-at="2024-08-17T14:17:48 IST" name="lauchBrowser" finished-at="2024-08-17T14:17:51 IST" duration-ms="3139" status="PASS">
          <params>
            <param index="0">
              <value>
                <![CDATA[chrome]]>
              </value>
            </param>
          </params>
          <reporter-output>
          </reporter-output>
        </test-method> <!-- lauchBrowser -->
        <test-method signature="InvalidLogin(java.lang.String,java.lang.String,java.lang.String)[pri:0, instance:Tests.LoginTest@31ff43be]" started-at="2024-08-17T14:17:51 IST" name="InvalidLogin" data-provider="loginData" finished-at="2024-08-17T14:17:57 IST" duration-ms="5756" status="PASS">
          <params>
            <param index="0">
              <value>
                <![CDATA[FmBm6ROkFM4sD1h]]>
              </value>
            </param>
            <param index="1">
              <value>
                <![CDATA[OmsQbE8BpJ1ty]]>
              </value>
            </param>
            <param index="2">
              <value>
                <![CDATA[Meglish]]>
              </value>
            </param>
          </params>
          <reporter-output>
          </reporter-output>
        </test-method> <!-- InvalidLogin -->
        <test-method is-config="true" signature="teardown()[pri:0, instance:Tests.LoginTest@31ff43be]" started-at="2024-08-17T14:17:58 IST" name="teardown" finished-at="2024-08-17T14:17:58 IST" duration-ms="346" status="PASS">
          <reporter-output>
          </reporter-output>
        </test-method> <!-- teardown -->
        <test-method is-config="true" signature="lauchBrowser(java.lang.String)[pri:0, instance:Tests.LoginTest@31ff43be]" started-at="2024-08-17T14:17:58 IST" name="lauchBrowser" finished-at="2024-08-17T14:18:01 IST" duration-ms="2953" status="PASS">
          <params>
            <param index="0">
              <value>
                <![CDATA[chrome]]>
              </value>
            </param>
          </params>
          <reporter-output>
          </reporter-output>
        </test-method> <!-- lauchBrowser -->
        <test-method signature="InvalidLogin(java.lang.String,java.lang.String,java.lang.String)[pri:0, instance:Tests.LoginTest@31ff43be]" started-at="2024-08-17T14:18:01 IST" name="InvalidLogin" data-provider="loginData" finished-at="2024-08-17T14:18:08 IST" duration-ms="6454" status="PASS">
          <params>
            <param index="0">
              <value>
                <![CDATA[dfPb373ql]]>
              </value>
            </param>
            <param index="1">
              <value>
                <![CDATA[   ]]>
              </value>
            </param>
            <param index="2">
              <value>
                <![CDATA[Svan]]>
              </value>
            </param>
          </params>
          <reporter-output>
          </reporter-output>
        </test-method> <!-- InvalidLogin -->
        <test-method is-config="true" signature="teardown()[pri:0, instance:Tests.LoginTest@31ff43be]" started-at="2024-08-17T14:18:09 IST" name="teardown" finished-at="2024-08-17T14:18:09 IST" duration-ms="270" status="PASS">
          <reporter-output>
          </reporter-output>
        </test-method> <!-- teardown -->
        <test-method is-config="true" signature="lauchBrowser(java.lang.String)[pri:0, instance:Tests.LoginTest@31ff43be]" started-at="2024-08-17T14:18:09 IST" name="lauchBrowser" finished-at="2024-08-17T14:18:11 IST" duration-ms="2236" status="PASS">
          <params>
            <param index="0">
              <value>
                <![CDATA[chrome]]>
              </value>
            </param>
          </params>
          <reporter-output>
          </reporter-output>
        </test-method> <!-- lauchBrowser -->
        <test-method signature="InvalidLogin(java.lang.String,java.lang.String,java.lang.String)[pri:0, instance:Tests.LoginTest@31ff43be]" started-at="2024-08-17T14:18:11 IST" name="InvalidLogin" data-provider="loginData" finished-at="2024-08-17T14:18:17 IST" duration-ms="5177" status="PASS">
          <params>
            <param index="0">
              <value>
                <![CDATA[A0F5e]]>
              </value>
            </param>
            <param index="1">
              <value>
                <![CDATA[xGHC2]]>
              </value>
            </param>
            <param index="2">
              <value>
                <![CDATA[english]]>
              </value>
            </param>
          </params>
          <reporter-output>
          </reporter-output>
        </test-method> <!-- InvalidLogin -->
        <test-method is-config="true" signature="teardown()[pri:0, instance:Tests.LoginTest@31ff43be]" started-at="2024-08-17T14:18:18 IST" name="teardown" finished-at="2024-08-17T14:18:18 IST" duration-ms="348" status="PASS">
          <reporter-output>
          </reporter-output>
        </test-method> <!-- teardown -->
      </class> <!-- Tests.LoginTest -->
    </test> <!-- Negative Login Test -->
  </suite> <!-- Suite -->
</testng-results>
